<?xml version="1.0" encoding="UTF-8"?>
<!-- Generated by org.testng.reporters.JUnitReportReporter -->
<testsuite hostname="BIPACH" name="MuMavenProject.ecommercewebsite.TestCases.TC01_ContactUs_MessageSubmission" tests="1" failures="0" timestamp="9 Jan 2018 06:17:08 GMT" time="5.480" errors="0">
  <testcase name="serviceMessagesubmission" time="5.480" classname="MuMavenProject.ecommercewebsite.TestCases.TC01_ContactUs_MessageSubmission"/>
</testsuite> <!-- MuMavenProject.ecommercewebsite.TestCases.TC01_ContactUs_MessageSubmission -->
