<?xml version="1.0" encoding="UTF-8"?>
<!-- Generated by org.testng.reporters.JUnitReportReporter -->
<testsuite hostname="BIPACH" name="MuMavenProject.ecommercewebsite.userfirstpageheader" tests="4" failures="0" timestamp="15 Dec 2017 04:17:22 GMT" time="86.841" errors="0">
  <testcase name="launchApplication" time="0.016" classname="MuMavenProject.ecommercewebsite.userfirstpageheader"/>
  <testcase name="signin" time="4.243" classname="MuMavenProject.ecommercewebsite.userfirstpageheader"/>
  <testcase name="itemshopping" time="76.675" classname="MuMavenProject.ecommercewebsite.userfirstpageheader"/>
  <testcase name="createaccount" time="5.907" classname="MuMavenProject.ecommercewebsite.userfirstpageheader"/>
</testsuite> <!-- MuMavenProject.ecommercewebsite.userfirstpageheader -->
