<?xml version="1.0" encoding="UTF-8"?>
<!-- Generated by org.testng.reporters.JUnitReportReporter -->
<testsuite hostname="BIPACH" name="MuMavenProject.ecommercewebsite.TestCases.End2End_RegisteredUser_orderItem" tests="2" failures="0" timestamp="9 Jan 2018 20:29:39 GMT" time="76.369" errors="0">
  <testcase name="itemshopping" time="71.801" classname="MuMavenProject.ecommercewebsite.TestCases.End2End_RegisteredUser_orderItem"/>
  <testcase name="registereduserlogin" time="4.568" classname="MuMavenProject.ecommercewebsite.TestCases.End2End_RegisteredUser_orderItem"/>
</testsuite> <!-- MuMavenProject.ecommercewebsite.TestCases.End2End_RegisteredUser_orderItem -->
