<?xml version="1.0" encoding="UTF-8"?>
<!-- Generated by org.testng.reporters.JUnitReportReporter -->
<testsuite hostname="BIPACH" name="MuMavenProject.ecommercewebsite.End2End_AccountCreation_NewUser_OrderItem" tests="1" failures="0" timestamp="8 Jan 2018 21:29:45 GMT" time="6.525" errors="0">
  <testcase name="launchApplication" time="6.525" classname="MuMavenProject.ecommercewebsite.End2End_AccountCreation_NewUser_OrderItem"/>
</testsuite> <!-- MuMavenProject.ecommercewebsite.End2End_AccountCreation_NewUser_OrderItem -->
